<?xml version="1.0" encoding="UTF-8"?>
<!-- Generated by org.testng.reporters.JUnitXMLReporter -->
<testsuite hostname="DESKTOP-3SL4LUB" ignored="0" name="RunCuke" tests="2" failures="1" timestamp="27 Jan 2020 16:29:38 GMT" time="24.688" errors="0">
  <testcase name="runScenario" time="15.22" classname="io.cucumber.testng.AbstractTestNGCucumberTests"/>
  <testcase name="runScenario" time="8.498" classname="io.cucumber.testng.AbstractTestNGCucumberTests">
    <failure type="java.lang.AssertionError" message="expected [300] but found [200]">
      <![CDATA[java.lang.AssertionError: expected [300] but found [200]
at com.w2a.APITestingFramework.cuke.steps.PayPalSteps.i_verify_the_status_code_as(PayPalSteps.java:64)
at âœ½.I verify the status code as "300"(file:src/test/resources/features/getorder.feature:7)
... Removed 6 stack frames]]>
    </failure>
  </testcase> <!-- runScenario -->
</testsuite> <!-- RunCuke -->
