<?xml version="1.0" encoding="UTF-8"?>
<!-- Generated by org.testng.reporters.JUnitReportReporter -->
<testsuite skipped="0" hostname="DESKTOP-3SL4LUB" name="com.w2a.APITestingFramework.cuke.runner.RunCuke" tests="2" failures="1" timestamp="27 Jan 2020 16:25:55 GMT" time="15.654" errors="0">
  <testcase name="runScenario" time="5.377" classname="com.w2a.APITestingFramework.cuke.runner.RunCuke">
    <failure type="java.lang.AssertionError" message="expected [300] but found [200]">
      <![CDATA[java.lang.AssertionError: expected [300] but found [200]
at org.testng.Assert.fail(Assert.java:96)
at org.testng.Assert.failNotEquals(Assert.java:776)
at org.testng.Assert.assertEqualsImpl(Assert.java:137)
at org.testng.Assert.assertEquals(Assert.java:118)
at org.testng.Assert.assertEquals(Assert.java:652)
at org.testng.Assert.assertEquals(Assert.java:662)
at com.w2a.APITestingFramework.cuke.steps.PayPalSteps.i_verify_the_status_code_as(PayPalSteps.java:64)
at âœ½.I verify the status code as "300"(file:src/test/resources/features/getorder.feature:7)
]]>
    </failure>
  </testcase> <!-- runScenario -->
  <testcase name="runScenario" time="10.277" classname="com.w2a.APITestingFramework.cuke.runner.RunCuke"/>
</testsuite> <!-- com.w2a.APITestingFramework.cuke.runner.RunCuke -->
